#
# There is insufficient memory for the Java Runtime Environment to continue.
# Native memory allocation (malloc) failed to allocate 1048576 bytes for AllocateHeap
# Possible reasons:
#   The system is out of physical RAM or swap space
#   The process is running with CompressedOops enabled, and the Java Heap may be blocking the growth of the native heap
# Possible solutions:
#   Reduce memory load on the system
#   Increase physical memory or swap space
#   Check if swap backing store is full
#   Decrease Java heap size (-Xmx/-Xms)
#   Decrease number of Java threads
#   Decrease Java thread stack sizes (-Xss)
#   Set larger code cache with -XX:ReservedCodeCacheSize=
#   JVM is running with Unscaled Compressed Oops mode in which the Java heap is
#     placed in the first 4GB address space. The Java Heap base address is the
#     maximum limit for the native heap growth. Please use -XX:HeapBaseMinAddress
#     to set the Java Heap base and to place the Java Heap above 4GB virtual address.
# This output file may be truncated or incomplete.
#
#  Out of Memory Error (./src/hotspot/share/memory/allocation.cpp:46), pid=6236, tid=11612
#
# JRE version: OpenJDK Runtime Environment JBR-11.0.11.9-1341.60-jcef (11.0.11+9) (build 11.0.11+9-b1341.60)
# Java VM: OpenJDK 64-Bit Server VM JBR-11.0.11.9-1341.60-jcef (11.0.11+9-b1341.60, mixed mode, tiered, compressed oops, g1 gc, windows-amd64)
# No core dump will be written. Minidumps are not enabled by default on client versions of Windows
#

---------------  S U M M A R Y ------------

Command Line: -ea -Didea.test.cyclic.buffer.size=1048576 -javaagent:C:\Program Files\JetBrains\IntelliJ IDEA Community Edition 2021.1.1\lib\idea_rt.jar=54729:C:\Program Files\JetBrains\IntelliJ IDEA Community Edition 2021.1.1\bin -Dfile.encoding=UTF-8 com.intellij.rt.junit.JUnitStarter -ideVersion5 -junit5 junit.ParametrizedTests,csvFileSource_StringDoubleIntStringString(java.lang.String,double,int,java.lang.String,java.lang.String)

Host: Intel(R) Core(TM) i5-7200U CPU @ 2.50GHz, 4 cores, 7G,  Windows 10 , 64 bit Build 18362 (10.0.18362.1316)
Time: Thu Oct 14 19:27:07 2021 Hora oficial do Brasil elapsed time: 0.439387 seconds (0d 0h 0m 0s)

---------------  T H R E A D  ---------------

Current thread (0x000001e7cc1cb000):  VMThread "VM Thread" [stack: 0x0000001f94200000,0x0000001f94300000] [id=11612]

Stack: [0x0000001f94200000,0x0000001f94300000]
[error occurred during error reporting (printing stack bounds), id 0xc0000005, EXCEPTION_ACCESS_VIOLATION (0xc0000005) at pc=0x000001e7b61b0f2d]

Native frames: (J=compiled Java code, j=interpreted, Vv=VM code, C=native code)
V  [jvm.dll+0x5f5c8a]
V  [jvm.dll+0x779405]
V  [jvm.dll+0x77aa1d]
V  [jvm.dll+0x77b035]
V  [jvm.dll+0x77afeb]
V  [jvm.dll+0x5f5028]
V  [jvm.dll+0x5f57b8]
C  [ntdll.dll+0xa184f]
C  [ntdll.dll+0x6a889]
C  [ntdll.dll+0xa04be]
C  0x000001e7b61b0f2d

VM_Operation (0x0000001f93cfa2b0): CollectForMetadataAllocation, mode: safepoint, requested by thread 0x000001e7b2595000


---------------  P R O C E S S  ---------------

Threads class SMR info:
_java_thread_list=0x000001e7ccc6dc00, length=11, elements={
0x000001e7b2595000, 0x000001e7cc1ef800, 0x000001e7cc1f0800, 0x000001e7ccb74800,
0x000001e7ccb75800, 0x000001e7ccb7b800, 0x000001e7ccb7c800, 0x000001e7cc206800,
0x000001e7cc217000, 0x000001e7cc186800, 0x000001e7cccf5000
}

Java Threads: ( => current thread )
  0x000001e7b2595000 JavaThread "main" [_thread_blocked, id=12904, stack(0x0000001f93c00000,0x0000001f93d00000)]
  0x000001e7cc1ef800 JavaThread "Reference Handler" daemon [_thread_blocked, id=2844, stack(0x0000001f94300000,0x0000001f94400000)]
  0x000001e7cc1f0800 JavaThread "Finalizer" daemon [_thread_blocked, id=12856, stack(0x0000001f94400000,0x0000001f94500000)]
  0x000001e7ccb74800 JavaThread "Signal Dispatcher" daemon [_thread_blocked, id=6988, stack(0x0000001f94500000,0x0000001f94600000)]
  0x000001e7ccb75800 JavaThread "Attach Listener" daemon [_thread_blocked, id=7704, stack(0x0000001f94600000,0x0000001f94700000)]
  0x000001e7ccb7b800 JavaThread "Service Thread" daemon [_thread_blocked, id=12040, stack(0x0000001f94700000,0x0000001f94800000)]
  0x000001e7ccb7c800 JavaThread "C2 CompilerThread0" daemon [_thread_blocked, id=2244, stack(0x0000001f94800000,0x0000001f94900000)]
  0x000001e7cc206800 JavaThread "C1 CompilerThread0" daemon [_thread_blocked, id=10760, stack(0x0000001f94900000,0x0000001f94a00000)]
  0x000001e7cc217000 JavaThread "Sweeper thread" daemon [_thread_blocked, id=4968, stack(0x0000001f94a00000,0x0000001f94b00000)]
  0x000001e7cc186800 JavaThread "Common-Cleaner" daemon [_thread_blocked, id=8140, stack(0x0000001f94b00000,0x0000001f94c00000)]
  0x000001e7cccf5000 JavaThread "C2 CompilerThread1" daemon [_thread_blocked, id=10732, stack(0x0000001f94c00000,0x0000001f94d00000)]

Other Threads:
=>0x000001e7cc1cb000 VMThread "VM Thread" [stack: 0x0000001f94200000,0x0000001f94300000] [id=11612]
  0x000001e7b25ab800 GCTaskThread "GC Thread#0" [stack: 0x0000001f93d00000,0x0000001f93e00000] [id=10916]
  0x000001e7ccf88000 GCTaskThread "GC Thread#1" [stack: 0x0000001f94d00000,0x0000001f94e00000] [id=3032]
  0x000001e7cce3a000 GCTaskThread "GC Thread#2" [stack: 0x0000001f94e00000,0x0000001f94f00000] [id=10672]
  0x000001e7b25d9800 ConcurrentGCThread "G1 Main Marker" [stack: 0x0000001f93e00000,0x0000001f93f00000] [id=14096]
  0x000001e7b25dc000 ConcurrentGCThread "G1 Conc#0" [stack: 0x0000001f93f00000,0x0000001f94000000] [id=4976]
  0x000001e7cc030800 ConcurrentGCThread "G1 Refine#0" [stack: 0x0000001f94000000,0x0000001f94100000] [id=3752]
  0x000001e7cc034000 ConcurrentGCThread "G1 Young RemSet Sampling" [stack: 0x0000001f94100000,0x0000001f94200000] [id=11628]

Threads with active compile tasks:

VM state:at safepoint (normal execution)

VM Mutex/Monitor currently owned by a thread:  ([mutex/lock_event])
[0x000001e7b2591b10] Threads_lock - owner thread: 0x000001e7cc1cb000
[0x000001e7b2592800] Heap_lock - owner thread: 0x000001e7b2595000

Heap address: 0x0000000081800000, size: 2024 MB, Compressed Oops mode: 32-bit
Narrow klass base: 0x0000000000000000, Narrow klass shift: 3
Compressed class space size: 1073741824 Address: 0x0000000100000000

Heap:
 garbage-first heap   total 131072K, used 755K [0x0000000081800000, 0x0000000100000000)
  region size 1024K, 1 young (1024K), 1 survivors (1024K)
 Metaspace       used 5552K, capacity 5583K, committed 5632K, reserved 1064960K
  class space    used 480K, capacity 502K, committed 512K, reserved 1048576K
Heap Regions: E=young(eden), S=young(survivor), O=old, HS=humongous(starts), HC=humongous(continues), CS=collection set, F=free, A=archive, TAMS=top-at-mark-start (previous, next)
|   0|0x0000000081800000, 0x0000000081800000, 0x0000000081900000|  0%| F|  |TAMS 0x0000000081800000, 0x0000000081800000| Untracked 
|   1|0x0000000081900000, 0x0000000081900000, 0x0000000081a00000|  0%| F|  |TAMS 0x0000000081900000, 0x0000000081900000| Untracked 
|   2|0x0000000081a00000, 0x0000000081a00000, 0x0000000081b00000|  0%| F|  |TAMS 0x0000000081a00000, 0x0000000081a00000| Untracked 
|   3|0x0000000081b00000, 0x0000000081b00000, 0x0000000081c00000|  0%| F|  |TAMS 0x0000000081b00000, 0x0000000081b00000| Untracked 
|   4|0x0000000081c00000, 0x0000000081c00000, 0x0000000081d00000|  0%| F|  |TAMS 0x0000000081c00000, 0x0000000081c00000| Untracked 
|   5|0x0000000081d00000, 0x0000000081d00000, 0x0000000081e00000|  0%| F|  |TAMS 0x0000000081d00000, 0x0000000081d00000| Untracked 
|   6|0x0000000081e00000, 0x0000000081e00000, 0x0000000081f00000|  0%| F|  |TAMS 0x0000000081e00000, 0x0000000081e00000| Untracked 
|   7|0x0000000081f00000, 0x0000000081f00000, 0x0000000082000000|  0%| F|  |TAMS 0x0000000081f00000, 0x0000000081f00000| Untracked 
|   8|0x0000000082000000, 0x0000000082000000, 0x0000000082100000|  0%| F|  |TAMS 0x0000000082000000, 0x0000000082000000| Untracked 
|   9|0x0000000082100000, 0x0000000082100000, 0x0000000082200000|  0%| F|  |TAMS 0x0000000082100000, 0x0000000082100000| Untracked 
|  10|0x0000000082200000, 0x0000000082200000, 0x0000000082300000|  0%| F|  |TAMS 0x0000000082200000, 0x0000000082200000| Untracked 
|  11|0x0000000082300000, 0x0000000082300000, 0x0000000082400000|  0%| F|  |TAMS 0x0000000082300000, 0x0000000082300000| Untracked 
|  12|0x0000000082400000, 0x0000000082400000, 0x0000000082500000|  0%| F|  |TAMS 0x0000000082400000, 0x0000000082400000| Untracked 
|  13|0x0000000082500000, 0x0000000082500000, 0x0000000082600000|  0%| F|  |TAMS 0x0000000082500000, 0x0000000082500000| Untracked 
|  14|0x0000000082600000, 0x0000000082600000, 0x0000000082700000|  0%| F|  |TAMS 0x0000000082600000, 0x0000000082600000| Untracked 
|  15|0x0000000082700000, 0x0000000082700000, 0x0000000082800000|  0%| F|  |TAMS 0x0000000082700000, 0x0000000082700000| Untracked 
|  16|0x0000000082800000, 0x0000000082800000, 0x0000000082900000|  0%| F|  |TAMS 0x0000000082800000, 0x0000000082800000| Untracked 
|  17|0x0000000082900000, 0x0000000082900000, 0x0000000082a00000|  0%| F|  |TAMS 0x0000000082900000, 0x0000000082900000| Untracked 
|  18|0x0000000082a00000, 0x0000000082a00000, 0x0000000082b00000|  0%| F|  |TAMS 0x0000000082a00000, 0x0000000082a00000| Untracked 
|  19|0x0000000082b00000, 0x0000000082b00000, 0x0000000082c00000|  0%| F|  |TAMS 0x0000000082b00000, 0x0000000082b00000| Untracked 
|  20|0x0000000082c00000, 0x0000000082c00000, 0x0000000082d00000|  0%| F|  |TAMS 0x0000000082c00000, 0x0000000082c00000| Untracked 
|  21|0x0000000082d00000, 0x0000000082d00000, 0x0000000082e00000|  0%| F|  |TAMS 0x0000000082d00000, 0x0000000082d00000| Untracked 
|  22|0x0000000082e00000, 0x0000000082e00000, 0x0000000082f00000|  0%| F|  |TAMS 0x0000000082e00000, 0x0000000082e00000| Untracked 
|  23|0x0000000082f00000, 0x0000000082f00000, 0x0000000083000000|  0%| F|  |TAMS 0x0000000082f00000, 0x0000000082f00000| Untracked 
|  24|0x0000000083000000, 0x0000000083000000, 0x0000000083100000|  0%| F|  |TAMS 0x0000000083000000, 0x0000000083000000| Untracked 
|  25|0x0000000083100000, 0x0000000083100000, 0x0000000083200000|  0%| F|  |TAMS 0x0000000083100000, 0x0000000083100000| Untracked 
|  26|0x0000000083200000, 0x0000000083200000, 0x0000000083300000|  0%| F|  |TAMS 0x0000000083200000, 0x0000000083200000| Untracked 
|  27|0x0000000083300000, 0x0000000083300000, 0x0000000083400000|  0%| F|  |TAMS 0x0000000083300000, 0x0000000083300000| Untracked 
|  28|0x0000000083400000, 0x0000000083400000, 0x0000000083500000|  0%| F|  |TAMS 0x0000000083400000, 0x0000000083400000| Untracked 
|  29|0x0000000083500000, 0x0000000083500000, 0x0000000083600000|  0%| F|  |TAMS 0x0000000083500000, 0x0000000083500000| Untracked 
|  30|0x0000000083600000, 0x0000000083600000, 0x0000000083700000|  0%| F|  |TAMS 0x0000000083600000, 0x0000000083600000| Untracked 
|  31|0x0000000083700000, 0x0000000083700000, 0x0000000083800000|  0%| F|  |TAMS 0x0000000083700000, 0x0000000083700000| Untracked 
|  32|0x0000000083800000, 0x0000000083800000, 0x0000000083900000|  0%| F|  |TAMS 0x0000000083800000, 0x0000000083800000| Untracked 
|  33|0x0000000083900000, 0x0000000083900000, 0x0000000083a00000|  0%| F|  |TAMS 0x0000000083900000, 0x0000000083900000| Untracked 
|  34|0x0000000083a00000, 0x0000000083a00000, 0x0000000083b00000|  0%| F|  |TAMS 0x0000000083a00000, 0x0000000083a00000| Untracked 
|  35|0x0000000083b00000, 0x0000000083b00000, 0x0000000083c00000|  0%| F|  |TAMS 0x0000000083b00000, 0x0000000083b00000| Untracked 
|  36|0x0000000083c00000, 0x0000000083c00000, 0x0000000083d00000|  0%| F|  |TAMS 0x0000000083c00000, 0x0000000083c00000| Untracked 
|  37|0x0000000083d00000, 0x0000000083d00000, 0x0000000083e00000|  0%| F|  |TAMS 0x0000000083d00000, 0x0000000083d00000| Untracked 
|  38|0x0000000083e00000, 0x0000000083e00000, 0x0000000083f00000|  0%| F|  |TAMS 0x0000000083e00000, 0x0000000083e00000| Untracked 
|  39|0x0000000083f00000, 0x0000000083f00000, 0x0000000084000000|  0%| F|  |TAMS 0x0000000083f00000, 0x0000000083f00000| Untracked 
|  40|0x0000000084000000, 0x0000000084000000, 0x0000000084100000|  0%| F|  |TAMS 0x0000000084000000, 0x0000000084000000| Untracked 
|  41|0x0000000084100000, 0x0000000084100000, 0x0000000084200000|  0%| F|  |TAMS 0x0000000084100000, 0x0000000084100000| Untracked 
|  42|0x0000000084200000, 0x0000000084200000, 0x0000000084300000|  0%| F|  |TAMS 0x0000000084200000, 0x0000000084200000| Untracked 
|  43|0x0000000084300000, 0x0000000084300000, 0x0000000084400000|  0%| F|  |TAMS 0x0000000084300000, 0x0000000084300000| Untracked 
|  44|0x0000000084400000, 0x0000000084400000, 0x0000000084500000|  0%| F|  |TAMS 0x0000000084400000, 0x0000000084400000| Untracked 
|  45|0x0000000084500000, 0x0000000084500000, 0x0000000084600000|  0%| F|  |TAMS 0x0000000084500000, 0x0000000084500000| Untracked 
|  46|0x0000000084600000, 0x0000000084600000, 0x0000000084700000|  0%| F|  |TAMS 0x0000000084600000, 0x0000000084600000| Untracked 
|  47|0x0000000084700000, 0x0000000084700000, 0x0000000084800000|  0%| F|  |TAMS 0x0000000084700000, 0x0000000084700000| Untracked 
|  48|0x0000000084800000, 0x0000000084800000, 0x0000000084900000|  0%| F|  |TAMS 0x0000000084800000, 0x0000000084800000| Untracked 
|  49|0x0000000084900000, 0x0000000084900000, 0x0000000084a00000|  0%| F|  |TAMS 0x0000000084900000, 0x0000000084900000| Untracked 
|  50|0x0000000084a00000, 0x0000000084a00000, 0x0000000084b00000|  0%| F|  |TAMS 0x0000000084a00000, 0x0000000084a00000| Untracked 
|  51|0x0000000084b00000, 0x0000000084b00000, 0x0000000084c00000|  0%| F|  |TAMS 0x0000000084b00000, 0x0000000084b00000| Untracked 
|  52|0x0000000084c00000, 0x0000000084c00000, 0x0000000084d00000|  0%| F|  |TAMS 0x0000000084c00000, 0x0000000084c00000| Untracked 
|  53|0x0000000084d00000, 0x0000000084d00000, 0x0000000084e00000|  0%| F|  |TAMS 0x0000000084d00000, 0x0000000084d00000| Untracked 
|  54|0x0000000084e00000, 0x0000000084e00000, 0x0000000084f00000|  0%| F|  |TAMS 0x0000000084e00000, 0x0000000084e00000| Untracked 
|  55|0x0000000084f00000, 0x0000000084f00000, 0x0000000085000000|  0%| F|  |TAMS 0x0000000084f00000, 0x0000000084f00000| Untracked 
|  56|0x0000000085000000, 0x0000000085000000, 0x0000000085100000|  0%| F|  |TAMS 0x0000000085000000, 0x0000000085000000| Untracked 
|  57|0x0000000085100000, 0x0000000085100000, 0x0000000085200000|  0%| F|  |TAMS 0x0000000085100000, 0x0000000085100000| Untracked 
|  58|0x0000000085200000, 0x0000000085200000, 0x0000000085300000|  0%| F|  |TAMS 0x0000000085200000, 0x0000000085200000| Untracked 
|  59|0x0000000085300000, 0x0000000085300000, 0x0000000085400000|  0%| F|  |TAMS 0x0000000085300000, 0x0000000085300000| Untracked 
|  60|0x0000000085400000, 0x0000000085400000, 0x0000000085500000|  0%| F|  |TAMS 0x0000000085400000, 0x0000000085400000| Untracked 
|  61|0x0000000085500000, 0x0000000085500000, 0x0000000085600000|  0%| F|  |TAMS 0x0000000085500000, 0x0000000085500000| Untracked 
|  62|0x0000000085600000, 0x0000000085600000, 0x0000000085700000|  0%| F|  |TAMS 0x0000000085600000, 0x0000000085600000| Untracked 
|  63|0x0000000085700000, 0x0000000085700000, 0x0000000085800000|  0%| F|  |TAMS 0x0000000085700000, 0x0000000085700000| Untracked 
|  64|0x0000000085800000, 0x0000000085800000, 0x0000000085900000|  0%| F|  |TAMS 0x0000000085800000, 0x0000000085800000| Untracked 
|  65|0x0000000085900000, 0x0000000085900000, 0x0000000085a00000|  0%| F|  |TAMS 0x0000000085900000, 0x0000000085900000| Untracked 
|  66|0x0000000085a00000, 0x0000000085a00000, 0x0000000085b00000|  0%| F|  |TAMS 0x0000000085a00000, 0x0000000085a00000| Untracked 
|  67|0x0000000085b00000, 0x0000000085b00000, 0x0000000085c00000|  0%| F|  |TAMS 0x0000000085b00000, 0x0000000085b00000| Untracked 
|  68|0x0000000085c00000, 0x0000000085c00000, 0x0000000085d00000|  0%| F|  |TAMS 0x0000000085c00000, 0x0000000085c00000| Untracked 
|  69|0x0000000085d00000, 0x0000000085d00000, 0x0000000085e00000|  0%| F|  |TAMS 0x0000000085d00000, 0x0000000085d00000| Untracked 
|  70|0x0000000085e00000, 0x0000000085e00000, 0x0000000085f00000|  0%| F|  |TAMS 0x0000000085e00000, 0x0000000085e00000| Untracked 
|  71|0x0000000085f00000, 0x0000000085f00000, 0x0000000086000000|  0%| F|  |TAMS 0x0000000085f00000, 0x0000000085f00000| Untracked 
|  72|0x0000000086000000, 0x0000000086000000, 0x0000000086100000|  0%| F|  |TAMS 0x0000000086000000, 0x0000000086000000| Untracked 
|  73|0x0000000086100000, 0x0000000086100000, 0x0000000086200000|  0%| F|  |TAMS 0x0000000086100000, 0x0000000086100000| Untracked 
|  74|0x0000000086200000, 0x0000000086200000, 0x0000000086300000|  0%| F|  |TAMS 0x0000000086200000, 0x0000000086200000| Untracked 
|  75|0x0000000086300000, 0x0000000086300000, 0x0000000086400000|  0%| F|  |TAMS 0x0000000086300000, 0x0000000086300000| Untracked 
|  76|0x0000000086400000, 0x0000000086400000, 0x0000000086500000|  0%| F|  |TAMS 0x0000000086400000, 0x0000000086400000| Untracked 
|  77|0x0000000086500000, 0x0000000086500000, 0x0000000086600000|  0%| F|  |TAMS 0x0000000086500000, 0x0000000086500000| Untracked 
|  78|0x0000000086600000, 0x0000000086600000, 0x0000000086700000|  0%| F|  |TAMS 0x0000000086600000, 0x0000000086600000| Untracked 
|  79|0x0000000086700000, 0x0000000086700000, 0x0000000086800000|  0%| F|  |TAMS 0x0000000086700000, 0x0000000086700000| Untracked 
|  80|0x0000000086800000, 0x0000000086800000, 0x0000000086900000|  0%| F|  |TAMS 0x0000000086800000, 0x0000000086800000| Untracked 
|  81|0x0000000086900000, 0x0000000086900000, 0x0000000086a00000|  0%| F|  |TAMS 0x0000000086900000, 0x0000000086900000| Untracked 
|  82|0x0000000086a00000, 0x0000000086a00000, 0x0000000086b00000|  0%| F|  |TAMS 0x0000000086a00000, 0x0000000086a00000| Untracked 
|  83|0x0000000086b00000, 0x0000000086b00000, 0x0000000086c00000|  0%| F|  |TAMS 0x0000000086b00000, 0x0000000086b00000| Untracked 
|  84|0x0000000086c00000, 0x0000000086c00000, 0x0000000086d00000|  0%| F|  |TAMS 0x0000000086c00000, 0x0000000086c00000| Untracked 
|  85|0x0000000086d00000, 0x0000000086d00000, 0x0000000086e00000|  0%| F|  |TAMS 0x0000000086d00000, 0x0000000086d00000| Untracked 
|  86|0x0000000086e00000, 0x0000000086e00000, 0x0000000086f00000|  0%| F|  |TAMS 0x0000000086e00000, 0x0000000086e00000| Untracked 
|  87|0x0000000086f00000, 0x0000000086f00000, 0x0000000087000000|  0%| F|  |TAMS 0x0000000086f00000, 0x0000000086f00000| Untracked 
|  88|0x0000000087000000, 0x0000000087000000, 0x0000000087100000|  0%| F|  |TAMS 0x0000000087000000, 0x0000000087000000| Untracked 
|  89|0x0000000087100000, 0x0000000087100000, 0x0000000087200000|  0%| F|  |TAMS 0x0000000087100000, 0x0000000087100000| Untracked 
|  90|0x0000000087200000, 0x0000000087200000, 0x0000000087300000|  0%| F|  |TAMS 0x0000000087200000, 0x0000000087200000| Untracked 
|  91|0x0000000087300000, 0x0000000087300000, 0x0000000087400000|  0%| F|  |TAMS 0x0000000087300000, 0x0000000087300000| Untracked 
|  92|0x0000000087400000, 0x0000000087400000, 0x0000000087500000|  0%| F|  |TAMS 0x0000000087400000, 0x0000000087400000| Untracked 
|  93|0x0000000087500000, 0x0000000087500000, 0x0000000087600000|  0%| F|  |TAMS 0x0000000087500000, 0x0000000087500000| Untracked 
|  94|0x0000000087600000, 0x0000000087600000, 0x0000000087700000|  0%| F|  |TAMS 0x0000000087600000, 0x0000000087600000| Untracked 
|  95|0x0000000087700000, 0x0000000087700000, 0x0000000087800000|  0%| F|  |TAMS 0x0000000087700000, 0x0000000087700000| Untracked 
|  96|0x0000000087800000, 0x0000000087800000, 0x0000000087900000|  0%| F|  |TAMS 0x0000000087800000, 0x0000000087800000| Untracked 
|  97|0x0000000087900000, 0x0000000087900000, 0x0000000087a00000|  0%| F|  |TAMS 0x0000000087900000, 0x0000000087900000| Untracked 
|  98|0x0000000087a00000, 0x0000000087a00000, 0x0000000087b00000|  0%| F|  |TAMS 0x0000000087a00000, 0x0000000087a00000| Untracked 
|  99|0x0000000087b00000, 0x0000000087b00000, 0x0000000087c00000|  0%| F|  |TAMS 0x0000000087b00000, 0x0000000087b00000| Untracked 
| 100|0x0000000087c00000, 0x0000000087c00000, 0x0000000087d00000|  0%| F|  |TAMS 0x0000000087c00000, 0x0000000087c00000| Untracked 
| 101|0x0000000087d00000, 0x0000000087d00000, 0x0000000087e00000|  0%| F|  |TAMS 0x0000000087d00000, 0x0000000087d00000| Untracked 
| 102|0x0000000087e00000, 0x0000000087e00000, 0x0000000087f00000|  0%| F|  |TAMS 0x0000000087e00000, 0x0000000087e00000| Untracked 
| 103|0x0000000087f00000, 0x0000000087f00000, 0x0000000088000000|  0%| F|  |TAMS 0x0000000087f00000, 0x0000000087f00000| Untracked 
| 104|0x0000000088000000, 0x0000000088000000, 0x0000000088100000|  0%| F|  |TAMS 0x0000000088000000, 0x0000000088000000| Untracked 
| 105|0x0000000088100000, 0x0000000088100000, 0x0000000088200000|  0%| F|  |TAMS 0x0000000088100000, 0x0000000088100000| Untracked 
| 106|0x0000000088200000, 0x0000000088200000, 0x0000000088300000|  0%| F|  |TAMS 0x0000000088200000, 0x0000000088200000| Untracked 
| 107|0x0000000088300000, 0x0000000088300000, 0x0000000088400000|  0%| F|  |TAMS 0x0000000088300000, 0x0000000088300000| Untracked 
| 108|0x0000000088400000, 0x0000000088400000, 0x0000000088500000|  0%| F|  |TAMS 0x0000000088400000, 0x0000000088400000| Untracked 
| 109|0x0000000088500000, 0x0000000088500000, 0x0000000088600000|  0%| F|  |TAMS 0x0000000088500000, 0x0000000088500000| Untracked 
| 110|0x0000000088600000, 0x0000000088600000, 0x0000000088700000|  0%| F|  |TAMS 0x0000000088600000, 0x0000000088600000| Untracked 
| 111|0x0000000088700000, 0x0000000088700000, 0x0000000088800000|  0%| F|  |TAMS 0x0000000088700000, 0x0000000088700000| Untracked 
| 112|0x0000000088800000, 0x0000000088800000, 0x0000000088900000|  0%| F|  |TAMS 0x0000000088800000, 0x0000000088800000| Untracked 
| 113|0x0000000088900000, 0x0000000088900000, 0x0000000088a00000|  0%| F|  |TAMS 0x0000000088900000, 0x0000000088900000| Untracked 
| 114|0x0000000088a00000, 0x0000000088a00000, 0x0000000088b00000|  0%| F|  |TAMS 0x0000000088a00000, 0x0000000088a00000| Untracked 
| 115|0x0000000088b00000, 0x0000000088b00000, 0x0000000088c00000|  0%| F|  |TAMS 0x0000000088b00000, 0x0000000088b00000| Untracked 
| 116|0x0000000088c00000, 0x0000000088c00000, 0x0000000088d00000|  0%| F|  |TAMS 0x0000000088c00000, 0x0000000088c00000| Untracked 
| 117|0x0000000088d00000, 0x0000000088d00000, 0x0000000088e00000|  0%| F|  |TAMS 0x0000000088d00000, 0x0000000088d00000| Untracked 
| 118|0x0000000088e00000, 0x0000000088e00000, 0x0000000088f00000|  0%| F|  |TAMS 0x0000000088e00000, 0x0000000088e00000| Untracked 
| 119|0x0000000088f00000, 0x0000000088f00000, 0x0000000089000000|  0%| F|  |TAMS 0x0000000088f00000, 0x0000000088f00000| Untracked 
| 120|0x0000000089000000, 0x0000000089000000, 0x0000000089100000|  0%| F|  |TAMS 0x0000000089000000, 0x0000000089000000| Untracked 
| 121|0x0000000089100000, 0x0000000089100000, 0x0000000089200000|  0%| F|  |TAMS 0x0000000089100000, 0x0000000089100000| Untracked 
| 122|0x0000000089200000, 0x0000000089200000, 0x0000000089300000|  0%| F|  |TAMS 0x0000000089200000, 0x0000000089200000| Untracked 
| 123|0x0000000089300000, 0x0000000089300000, 0x0000000089400000|  0%| F|  |TAMS 0x0000000089300000, 0x0000000089300000| Untracked 
| 124|0x0000000089400000, 0x0000000089400000, 0x0000000089500000|  0%| F|  |TAMS 0x0000000089400000, 0x0000000089400000| Untracked 
| 125|0x0000000089500000, 0x00000000895bcc00, 0x0000000089600000| 73%| S|CS|TAMS 0x0000000089500000, 0x0000000089500000| Complete 
| 126|0x0000000089600000, 0x0000000089600000, 0x0000000089700000|  0%| F|  |TAMS 0x0000000089600000, 0x0000000089600000| Untracked 
| 127|0x0000000089700000, 0x0000000089700000, 0x0000000089800000|  0%| F|  |TAMS 0x0000000089700000, 0x0000000089700000| Untracked 

Card table byte_map: [0x000001e7c55b0000,0x000001e7c59b0000] _byte_map_base: 0x000001e7c51a4000

Marking Bits (Prev, Next): (CMBitMap*) 0x000001e7b05be808, (CMBitMap*) 0x000001e7b05be840
 Prev Bits: [0x000001e7c5db0000, 0x000001e7c7d50000)
 Next Bits: [0x000001e7c7d50000, 0x000001e7c9cf0000)

Polling page: 0x000001e7b0420000

Metaspace:

Usage:
  Non-class:      4.96 MB capacity,     4.95 MB (>99%) used,     6.00 KB ( <1%) free+waste,     2.38 KB ( <1%) overhead. 
      Class:    502.00 KB capacity,   480.35 KB ( 96%) used,    20.27 KB (  4%) free+waste,     1.38 KB ( <1%) overhead. 
       Both:      5.45 MB capacity,     5.42 MB (>99%) used,    26.27 KB ( <1%) free+waste,     3.75 KB ( <1%) overhead. 

Virtual space:
  Non-class space:       16.00 MB reserved,       5.00 MB ( 31%) committed 
      Class space:        1.00 GB reserved,     512.00 KB ( <1%) committed 
             Both:        1.02 GB reserved,       5.50 MB ( <1%) committed 

Chunk freelists:
   Non-Class:  39.00 KB
       Class:  10.00 KB
        Both:  49.00 KB

MaxMetaspaceSize: 17179869184.00 GB
CompressedClassSpaceSize: 1.00 GB

CodeHeap 'non-profiled nmethods': size=120064Kb used=53Kb max_used=53Kb free=120010Kb
 bounds [0x000001e7bdc70000, 0x000001e7bdee0000, 0x000001e7c51b0000]
CodeHeap 'profiled nmethods': size=120000Kb used=193Kb max_used=193Kb free=119806Kb
 bounds [0x000001e7b6740000, 0x000001e7b69b0000, 0x000001e7bdc70000]
CodeHeap 'non-nmethods': size=5696Kb used=1043Kb max_used=1043Kb free=4652Kb
 bounds [0x000001e7b61b0000, 0x000001e7b6420000, 0x000001e7b6740000]
 total_blobs=499 nmethods=173 adapters=238
 compilation: enabled
              stopped_count=0, restarted_count=0
 full_count=0

Compilation events (20 events):
Event: 0.208 Thread 0x000001e7cc206800 nmethod 164 0x000001e7b676d510 code [0x000001e7b676d740, 0x000001e7b676ddc8]
Event: 0.211 Thread 0x000001e7cccf5000 nmethod 146 0x000001e7bdc7bc10 code [0x000001e7bdc7be00, 0x000001e7bdc7cbd8]
Event: 0.216 Thread 0x000001e7cc206800  165       3       java.lang.StringUTF16::getChar (60 bytes)
Event: 0.216 Thread 0x000001e7cc206800 nmethod 165 0x000001e7b676e010 code [0x000001e7b676e1c0, 0x000001e7b676e318]
Event: 0.222 Thread 0x000001e7cc206800  166       3       java.lang.System::getSecurityManager (4 bytes)
Event: 0.222 Thread 0x000001e7cc206800 nmethod 166 0x000001e7b676e410 code [0x000001e7b676e5c0, 0x000001e7b676e6b8]
Event: 0.223 Thread 0x000001e7cc206800  167       3       java.lang.String::isLatin1 (19 bytes)
Event: 0.224 Thread 0x000001e7cc206800 nmethod 167 0x000001e7b676e710 code [0x000001e7b676e8c0, 0x000001e7b676ea38]
Event: 0.224 Thread 0x000001e7cc206800  168       3       java.lang.CharacterData::of (120 bytes)
Event: 0.225 Thread 0x000001e7cc206800 nmethod 168 0x000001e7b676eb10 code [0x000001e7b676ed20, 0x000001e7b676f4b8]
Event: 0.225 Thread 0x000001e7cc206800  169       3       java.lang.CharacterDataLatin1::getProperties (11 bytes)
Event: 0.225 Thread 0x000001e7cc206800 nmethod 169 0x000001e7b676f710 code [0x000001e7b676f8c0, 0x000001e7b676f9f8]
Event: 0.225 Thread 0x000001e7cc206800  170       1       java.lang.Class::getModule (5 bytes)
Event: 0.225 Thread 0x000001e7cc206800 nmethod 170 0x000001e7bdc7d110 code [0x000001e7bdc7d2c0, 0x000001e7bdc7d378]
Event: 0.227 Thread 0x000001e7cc206800  172       3       java.lang.invoke.MethodType::<init> (15 bytes)
Event: 0.227 Thread 0x000001e7cc206800 nmethod 172 0x000001e7b676fb10 code [0x000001e7b676fcc0, 0x000001e7b676fed8]
Event: 0.227 Thread 0x000001e7cc206800  171       3       java.lang.ref.WeakReference::<init> (6 bytes)
Event: 0.227 Thread 0x000001e7cc206800 nmethod 171 0x000001e7b676ff90 code [0x000001e7b6770160, 0x000001e7b6770458]
Event: 0.227 Thread 0x000001e7cc206800  173       1       java.lang.invoke.MethodType::form (5 bytes)
Event: 0.227 Thread 0x000001e7cc206800 nmethod 173 0x000001e7bdc7d410 code [0x000001e7bdc7d5c0, 0x000001e7bdc7d678]

GC Heap History (2 events):
Event: 0.228 GC heap before
{Heap before GC invocations=0 (full 0):
 garbage-first heap   total 131072K, used 1024K [0x0000000081800000, 0x0000000100000000)
  region size 1024K, 2 young (2048K), 0 survivors (0K)
 Metaspace       used 5552K, capacity 5583K, committed 5632K, reserved 1062912K
  class space    used 480K, capacity 502K, committed 512K, reserved 1048576K
}
Event: 0.231 GC heap after
{Heap after GC invocations=1 (full 0):
 garbage-first heap   total 131072K, used 755K [0x0000000081800000, 0x0000000100000000)
  region size 1024K, 1 young (1024K), 1 survivors (1024K)
 Metaspace       used 5552K, capacity 5583K, committed 5632K, reserved 1062912K
  class space    used 480K, capacity 502K, committed 512K, reserved 1048576K
}

Deoptimization events (4 events):
Event: 0.216 Thread 0x000001e7b2595000 Uncommon trap: trap_request=0xffffff4d fr.pc=0x000001e7bdc787f8 relative=0x0000000000000058
Event: 0.216 Thread 0x000001e7b2595000 Uncommon trap: reason=unstable_if action=reinterpret pc=0x000001e7bdc787f8 method=java.lang.String.isLatin1()Z @ 10 c2
Event: 0.216 Thread 0x000001e7b2595000 DEOPT PACKING pc=0x000001e7bdc787f8 sp=0x0000001f93cf9970
Event: 0.216 Thread 0x000001e7b2595000 DEOPT UNPACKING pc=0x000001e7b61d662f sp=0x0000001f93cf9900 mode 2

Classes redefined (0 events):
No events

Internal exceptions (0 events):
No events

Events (20 events):
Event: 0.225 loading class java/lang/invoke/VarHandleInts$FieldInstanceReadWrite
Event: 0.225 loading class java/lang/invoke/VarHandleInts$FieldInstanceReadOnly
Event: 0.225 loading class java/lang/invoke/VarHandleInts$FieldInstanceReadOnly done
Event: 0.225 loading class java/lang/invoke/VarHandleInts$FieldInstanceReadWrite done
Event: 0.226 loading class java/lang/invoke/VarHandle$1
Event: 0.226 loading class java/lang/invoke/VarHandle$1 done
Event: 0.226 loading class jdk/internal/util/Preconditions$1
Event: 0.226 loading class jdk/internal/util/Preconditions$1 done
Event: 0.226 loading class java/lang/invoke/VarHandleGuards
Event: 0.226 loading class java/lang/invoke/VarHandleGuards done
Event: 0.226 loading class java/lang/invoke/VarForm
Event: 0.226 loading class java/lang/invoke/VarForm done
Event: 0.226 loading class java/lang/invoke/VarHandle$AccessType
Event: 0.226 loading class java/lang/invoke/VarHandle$AccessType done
Event: 0.227 loading class java/lang/invoke/VarHandle$AccessMode
Event: 0.227 loading class java/lang/invoke/VarHandle$AccessMode done
Event: 0.227 loading class java/io/FileCleanable
Event: 0.227 loading class java/io/FileCleanable done
Event: 0.227 loading class java/util/zip/ZipFile$Source$End
Event: 0.228 Executing VM operation: CollectForMetadataAllocation


Dynamic libraries:
0x00007ff621b30000 - 0x00007ff621b3a000 	C:\Program Files\JetBrains\IntelliJ IDEA Community Edition 2021.1.1\jbr\bin\java.exe
0x00007ff8ad380000 - 0x00007ff8ad570000 	C:\WINDOWS\SYSTEM32\ntdll.dll
0x00007ff8ab5e0000 - 0x00007ff8ab692000 	C:\WINDOWS\System32\KERNEL32.DLL
0x00007ff8aa420000 - 0x00007ff8aa6c5000 	C:\WINDOWS\System32\KERNELBASE.dll
0x00007ff8aabb0000 - 0x00007ff8aacaa000 	C:\WINDOWS\System32\ucrtbase.dll
0x00007ff8a1720000 - 0x00007ff8a1737000 	C:\Program Files\JetBrains\IntelliJ IDEA Community Edition 2021.1.1\jbr\bin\VCRUNTIME140.dll
0x00007ff8a1fa0000 - 0x00007ff8a1fb9000 	C:\Program Files\JetBrains\IntelliJ IDEA Community Edition 2021.1.1\jbr\bin\jli.dll
0x00007ff8ab7a0000 - 0x00007ff8ab934000 	C:\WINDOWS\System32\USER32.dll
0x00007ff8aa6d0000 - 0x00007ff8aa6f1000 	C:\WINDOWS\System32\win32u.dll
0x00007ff893c80000 - 0x00007ff893f04000 	C:\WINDOWS\WinSxS\amd64_microsoft.windows.common-controls_6595b64144ccf1df_6.0.18362.1316_none_9e7a364fe461dbd7\COMCTL32.dll
0x00007ff8acf50000 - 0x00007ff8acf76000 	C:\WINDOWS\System32\GDI32.dll
0x00007ff8ad2a0000 - 0x00007ff8ad33e000 	C:\WINDOWS\System32\msvcrt.dll
0x00007ff8aa9c0000 - 0x00007ff8aab58000 	C:\WINDOWS\System32\gdi32full.dll
0x00007ff8abc70000 - 0x00007ff8abfa7000 	C:\WINDOWS\System32\combase.dll
0x00007ff8aa380000 - 0x00007ff8aa41e000 	C:\WINDOWS\System32\msvcp_win.dll
0x00007ff8ab940000 - 0x00007ff8aba5f000 	C:\WINDOWS\System32\RPCRT4.dll
0x00007ff8aa700000 - 0x00007ff8aa781000 	C:\WINDOWS\System32\bcryptPrimitives.dll
0x00007ff8ad0d0000 - 0x00007ff8ad0fe000 	C:\WINDOWS\System32\IMM32.DLL
0x00007ff88eef0000 - 0x00007ff88ef8d000 	C:\Program Files\JetBrains\IntelliJ IDEA Community Edition 2021.1.1\jbr\bin\msvcp140.dll
0x00007ff87f190000 - 0x00007ff87fcd9000 	C:\Program Files\JetBrains\IntelliJ IDEA Community Edition 2021.1.1\jbr\bin\server\jvm.dll
0x00007ff8ad180000 - 0x00007ff8ad223000 	C:\WINDOWS\System32\ADVAPI32.dll
0x00007ff8ab700000 - 0x00007ff8ab797000 	C:\WINDOWS\System32\sechost.dll
0x00007ff8acf40000 - 0x00007ff8acf48000 	C:\WINDOWS\System32\PSAPI.DLL
0x00007ff892c50000 - 0x00007ff892c59000 	C:\WINDOWS\SYSTEM32\WSOCK32.dll
0x00007ff8a1810000 - 0x00007ff8a181a000 	C:\WINDOWS\SYSTEM32\VERSION.dll
0x00007ff8acd70000 - 0x00007ff8acddf000 	C:\WINDOWS\System32\WS2_32.dll
0x00007ff8a7f80000 - 0x00007ff8a7fa4000 	C:\WINDOWS\SYSTEM32\WINMM.dll
0x00007ff8a7f50000 - 0x00007ff8a7f7d000 	C:\WINDOWS\SYSTEM32\WINMMBASE.dll
0x00007ff8aab60000 - 0x00007ff8aabaa000 	C:\WINDOWS\System32\cfgmgr32.dll
0x00007ff8aa2e0000 - 0x00007ff8aa2f1000 	C:\WINDOWS\System32\kernel.appcore.dll
0x00007ff899740000 - 0x00007ff899751000 	C:\Program Files\JetBrains\IntelliJ IDEA Community Edition 2021.1.1\jbr\bin\verify.dll
0x00007ff8a8e40000 - 0x00007ff8a9034000 	C:\WINDOWS\SYSTEM32\DBGHELP.DLL
0x00007ff891a00000 - 0x00007ff891a2a000 	C:\WINDOWS\SYSTEM32\dbgcore.DLL
0x00007ff88ee00000 - 0x00007ff88ee29000 	C:\Program Files\JetBrains\IntelliJ IDEA Community Edition 2021.1.1\jbr\bin\java.dll
0x00007ff8a7dd0000 - 0x00007ff8a7ddb000 	C:\Program Files\JetBrains\IntelliJ IDEA Community Edition 2021.1.1\jbr\bin\jimage.dll
0x00007ff8a1f70000 - 0x00007ff8a1f7f000 	C:\Program Files\JetBrains\IntelliJ IDEA Community Edition 2021.1.1\jbr\bin\instrument.dll
0x00007ff899660000 - 0x00007ff899678000 	C:\Program Files\JetBrains\IntelliJ IDEA Community Edition 2021.1.1\jbr\bin\zip.dll
0x00007ff8ac4f0000 - 0x00007ff8acbd8000 	C:\WINDOWS\System32\SHELL32.dll
0x00007ff8ac440000 - 0x00007ff8ac4e7000 	C:\WINDOWS\System32\shcore.dll
0x00007ff8aacb0000 - 0x00007ff8ab42b000 	C:\WINDOWS\System32\windows.storage.dll
0x00007ff8aa260000 - 0x00007ff8aa283000 	C:\WINDOWS\System32\profapi.dll
0x00007ff8aa290000 - 0x00007ff8aa2da000 	C:\WINDOWS\System32\powrprof.dll
0x00007ff8aa230000 - 0x00007ff8aa240000 	C:\WINDOWS\System32\UMPDC.dll
0x00007ff8ad230000 - 0x00007ff8ad282000 	C:\WINDOWS\System32\shlwapi.dll
0x00007ff8aa360000 - 0x00007ff8aa377000 	C:\WINDOWS\System32\cryptsp.dll
0x00007ff88ede0000 - 0x00007ff88edfa000 	C:\Program Files\JetBrains\IntelliJ IDEA Community Edition 2021.1.1\jbr\bin\net.dll
0x00007ff8a0ec0000 - 0x00007ff8a0fb0000 	C:\WINDOWS\SYSTEM32\WINHTTP.dll
0x00007ff8a9a70000 - 0x00007ff8a9ad7000 	C:\WINDOWS\system32\mswsock.dll
0x00007ff88ec60000 - 0x00007ff88ec74000 	C:\Program Files\JetBrains\IntelliJ IDEA Community Edition 2021.1.1\jbr\bin\nio.dll

dbghelp: loaded successfully - version: 4.0.5 - missing functions: none
symbol engine: initialized successfully - sym options: 0x614 - pdb path: .;C:\Program Files\JetBrains\IntelliJ IDEA Community Edition 2021.1.1\jbr\bin;C:\WINDOWS\SYSTEM32;C:\WINDOWS\WinSxS\amd64_microsoft.windows.common-controls_6595b64144ccf1df_6.0.18362.1316_none_9e7a364fe461dbd7;C:\Program Files\JetBrains\IntelliJ IDEA Community Edition 2021.1.1\jbr\bin\server

VM Arguments:
jvm_args: -ea -Didea.test.cyclic.buffer.size=1048576 -javaagent:C:\Program Files\JetBrains\IntelliJ IDEA Community Edition 2021.1.1\lib\idea_rt.jar=54729:C:\Program Files\JetBrains\IntelliJ IDEA Community Edition 2021.1.1\bin -Dfile.encoding=UTF-8 
java_command: com.intellij.rt.junit.JUnitStarter -ideVersion5 -junit5 junit.ParametrizedTests,csvFileSource_StringDoubleIntStringString(java.lang.String,double,int,java.lang.String,java.lang.String)
java_class_path (initial): C:\Program Files\JetBrains\IntelliJ IDEA Community Edition 2021.1.1\lib\idea_rt.jar;C:\Users\Nataliaado\.m2\repository\org\junit\platform\junit-platform-launcher\1.7.0\junit-platform-launcher-1.7.0.jar;C:\Program Files\JetBrains\IntelliJ IDEA Community Edition 2021.1.1\plugins\junit\lib\junit5-rt.jar;C:\Program Files\JetBrains\IntelliJ IDEA Community Edition 2021.1.1\plugins\junit\lib\junit-rt.jar;C:\Users\Nataliaado\Desktop\untitled\JUnit5Project\target\test-classes;C:\Users\Nataliaado\Desktop\untitled\JUnit5Project\target\classes;C:\Users\Nataliaado\.m2\repository\org\junit\jupiter\junit-jupiter\5.7.0\junit-jupiter-5.7.0.jar;C:\Users\Nataliaado\.m2\repository\org\junit\jupiter\junit-jupiter-api\5.7.0\junit-jupiter-api-5.7.0.jar;C:\Users\Nataliaado\.m2\repository\org\apiguardian\apiguardian-api\1.1.0\apiguardian-api-1.1.0.jar;C:\Users\Nataliaado\.m2\repository\org\opentest4j\opentest4j\1.2.0\opentest4j-1.2.0.jar;C:\Users\Nataliaado\.m2\repository\org\junit\platform\junit-platform-commons\1.7.0\junit-platform-commons-1.7.0.jar;C:\Users\Nataliaado\.m2\repository\org\junit\jupiter\junit-jupiter-params\5.7.0\junit-jupiter-params-5.7.0.jar;C:\Users\Nataliaado\.m2\repository\org\junit\jupiter\junit-jupiter-engine\5.7.0\junit-jupiter-engine-5.7.0.jar;C:\Users\Nataliaado\.m2\repository\org\junit\platform\junit-platform-engine\1.7.0\junit-platform-engine-1.7.0.jar
Launcher Type: SUN_STANDARD

[Global flags]
     intx CICompilerCount                          = 3                                         {product} {ergonomic}
     uint ConcGCThreads                            = 1                                         {product} {ergonomic}
     uint G1ConcRefinementThreads                  = 4                                         {product} {ergonomic}
   size_t G1HeapRegionSize                         = 1048576                                   {product} {ergonomic}
    uintx GCDrainStackTargetSize                   = 64                                        {product} {ergonomic}
   size_t InitialHeapSize                          = 134217728                                 {product} {ergonomic}
   size_t MarkStackSize                            = 4194304                                   {product} {ergonomic}
   size_t MaxHeapSize                              = 2122317824                                {product} {ergonomic}
   size_t MaxNewSize                               = 1272971264                                {product} {ergonomic}
   size_t MinHeapDeltaBytes                        = 1048576                                   {product} {ergonomic}
    uintx NonNMethodCodeHeapSize                   = 5830732                                {pd product} {ergonomic}
    uintx NonProfiledCodeHeapSize                  = 122913754                              {pd product} {ergonomic}
    uintx ProfiledCodeHeapSize                     = 122913754                              {pd product} {ergonomic}
    uintx ReservedCodeCacheSize                    = 251658240                              {pd product} {ergonomic}
     bool SegmentedCodeCache                       = true                                      {product} {ergonomic}
     bool UseCompressedClassPointers               = true                                 {lp64_product} {ergonomic}
     bool UseCompressedOops                        = true                                 {lp64_product} {ergonomic}
     bool UseG1GC                                  = true                                      {product} {ergonomic}
     bool UseLargePagesIndividualAllocation        = false                                  {pd product} {ergonomic}

Logging:
Log output configuration:
 #0: stdout all=warning uptime,level,tags
 #1: stderr all=off uptime,level,tags

Environment Variables:
PATH=C:\Program Files (x86)\Common Files\Oracle\Java\javapath;C:\Windows\system32;C:\Windows;C:\Windows\System32\Wbem;C:\Windows\System32\WindowsPowerShell\v1.0\;C:\Program Files (x86)\NVIDIA Corporation\PhysX\Common;C:\WINDOWS\system32;C:\WINDOWS;C:\WINDOWS\System32\Wbem;C:\WINDOWS\System32\WindowsPowerShell\v1.0\;C:\WINDOWS\System32\OpenSSH\;C:\Program Files (x86)\Intel\Intel(R) Management Engine Components\DAL;C:\Program Files\Intel\Intel(R) Management Engine Components\DAL;C:\Program Files\nodejs\;C:\Program Files\Git\cmd;"C:\Users\Nataliaado\AppData\Local\Microsoft\WindowsApps;C:\Program Files\bin";C:\Users\Nataliaado\AppData\Roaming\npm
USERNAME=Nataliaado
OS=Windows_NT
PROCESSOR_IDENTIFIER=Intel64 Family 6 Model 142 Stepping 9, GenuineIntel



---------------  S Y S T E M  ---------------

OS: Windows 10 , 64 bit Build 18362 (10.0.18362.1316)
OS uptime: 0 days 4:02 hours

CPU:total 4 (initial active 4) (2 cores per cpu, 2 threads per core) family 6 model 142 stepping 9 microcode 0x8e, cmov, cx8, fxsr, mmx, sse, sse2, sse3, ssse3, sse4.1, sse4.2, popcnt, avx, avx2, aes, clmul, erms, 3dnowpref, lzcnt, ht, tsc, tscinvbit, bmi1, bmi2, adx, fma

Memory: 4k page, system-wide physical 8090M (1155M free)
TotalPageFile size 8090M (AvailPageFile size 3M)
current process WorkingSet (physical memory assigned to process): 38M, peak: 38M
current process commit charge ("private bytes"): 198M, peak: 199M

vm_info: OpenJDK 64-Bit Server VM (11.0.11+9-b1341.60) for windows-amd64 JRE (11.0.11+9-b1341.60), built on Jun  4 2021 08:17:54 by "" with MS VC++ 14.0 (VS2015)

END.
